<?xml version="1.0" encoding="UTF-8" ?>
<testsuite tests="1" failures="0" name="com.sirolf2009.progressbar.TestProgressBar" time="0.291" errors="1" skipped="0">
  <properties>
[...]
</properties>
  <testcase classname="com.sirolf2009.progressbar.TestProgressBar" name="test" time="0.268">
    <error message="java.lang.IllegalStateException: Queue full" type="java.util.concurrent.ExecutionException">java.util.concurrent.ExecutionException: java.lang.IllegalStateException: Queue full
	at java.util.concurrent.FutureTask.report(FutureTask.java:122)
	at java.util.concurrent.FutureTask.get(FutureTask.java:192)
	at com.sirolf2009.progressbar.ProgressBar.get(ProgressBar.java:128)
	at com.sirolf2009.progressbar.TestProgressBar.test(TestProgressBar.java:44)
	at sun.reflect.NativeMethodAccessorImpl.invoke0(Native Method)
	at sun.reflect.NativeMethodAccessorImpl.invoke(NativeMethodAccessorImpl.java:62)
	at sun.reflect.DelegatingMethodAccessorImpl.invoke(DelegatingMethodAccessorImpl.java:43)
	at java.lang.reflect.Method.invoke(Method.java:498)
	at org.junit.runners.model.FrameworkMethod$1.runReflectiveCall(FrameworkMethod.java:45)
	at org.junit.internal.runners.model.ReflectiveCallable.run(ReflectiveCallable.java:15)
	at org.junit.runners.model.FrameworkMethod.invokeExplosively(FrameworkMethod.java:42)
	at org.junit.internal.runners.statements.InvokeMethod.evaluate(InvokeMethod.java:20)
	at org.junit.runners.ParentRunner.runLeaf(ParentRunner.java:263)
	at org.junit.runners.BlockJUnit4ClassRunner.runChild(BlockJUnit4ClassRunner.java:68)
	at org.junit.runners.BlockJUnit4ClassRunner.runChild(BlockJUnit4ClassRunner.java:47)
	at org.junit.runners.ParentRunner$3.run(ParentRunner.java:231)
	at org.junit.runners.ParentRunner$1.schedule(ParentRunner.java:60)
	at org.junit.runners.ParentRunner.runChildren(ParentRunner.java:229)
	at org.junit.runners.ParentRunner.access$000(ParentRunner.java:50)
	at org.junit.runners.ParentRunner$2.evaluate(ParentRunner.java:222)
	at org.junit.runners.ParentRunner.run(ParentRunner.java:300)
	at org.apache.maven.surefire.junit4.JUnit4TestSet.execute(JUnit4TestSet.java:53)
	at org.apache.maven.surefire.junit4.JUnit4Provider.executeTestSet(JUnit4Provider.java:123)
	at org.apache.maven.surefire.junit4.JUnit4Provider.invoke(JUnit4Provider.java:104)
	at sun.reflect.NativeMethodAccessorImpl.invoke0(Native Method)
	at sun.reflect.NativeMethodAccessorImpl.invoke(NativeMethodAccessorImpl.java:62)
	at sun.reflect.DelegatingMethodAccessorImpl.invoke(DelegatingMethodAccessorImpl.java:43)
	at java.lang.reflect.Method.invoke(Method.java:498)
	at org.apache.maven.surefire.util.ReflectionUtils.invokeMethodWithArray(ReflectionUtils.java:164)
	at org.apache.maven.surefire.booter.ProviderFactory$ProviderProxy.invoke(ProviderFactory.java:110)
	at org.apache.maven.surefire.booter.SurefireStarter.invokeProvider(SurefireStarter.java:175)
	at org.apache.maven.surefire.booter.SurefireStarter.runSuitesInProcessWhenForked(SurefireStarter.java:107)
	at org.apache.maven.surefire.booter.ForkedBooter.main(ForkedBooter.java:68)
Caused by: java.lang.IllegalStateException: Queue full
	at java.util.AbstractQueue.add(AbstractQueue.java:98)
	at java.util.concurrent.ArrayBlockingQueue.add(ArrayBlockingQueue.java:312)
	at com.sirolf2009.progressbar.Action.progress(Action.java:30)
	at com.sirolf2009.progressbar.Action.progress(Action.java:24)
	at com.sirolf2009.progressbar.TestProgressBar$DumbAction.call(TestProgressBar.java:24)
	at com.sirolf2009.progressbar.TestProgressBar$DumbAction.call(TestProgressBar.java:12)
	at java.util.concurrent.FutureTask.run(FutureTask.java:266)
	at java.util.concurrent.ThreadPoolExecutor.runWorker(ThreadPoolExecutor.java:1149)
	at java.util.concurrent.ThreadPoolExecutor$Worker.run(ThreadPoolExecutor.java:624)
	at java.lang.Thread.run(Thread.java:748)
</error>
    <system-out>Unit Test
                                                                                                                                                                                                        </system-out>
    <system-err>Exception in thread &quot;Thread-0&quot; Exception in thread &quot;Thread-1&quot; java.lang.NullPointerException
	at com.sirolf2009.progressbar.Styles$3$1.draw(Styles.java:248)
	at com.sirolf2009.progressbar.ProgressBar$2.run(ProgressBar.java:103)
	at java.lang.Thread.run(Thread.java:748)
java.lang.NullPointerException
	at com.sirolf2009.progressbar.Styles$3$1.draw(Styles.java:248)
	at com.sirolf2009.progressbar.ProgressBar$3.run(ProgressBar.java:119)
	at java.lang.Thread.run(Thread.java:748)
</system-err>
  </testcase>
</testsuite>